29-Jan-2025 13:44:13.974 INFO [main] org.apache.catalina.startup.VersionLoggerListener.log Server version name:   Apache Tomcat/9.0.98
29-Jan-2025 13:44:13.985 INFO [main] org.apache.catalina.startup.VersionLoggerListener.log Server built:          Dec 5 2024 19:50:29 UTC
29-Jan-2025 13:44:13.986 INFO [main] org.apache.catalina.startup.VersionLoggerListener.log Server version number: 9.0.98.0
29-Jan-2025 13:44:13.986 INFO [main] org.apache.catalina.startup.VersionLoggerListener.log OS Name:               Linux
29-Jan-2025 13:44:13.987 INFO [main] org.apache.catalina.startup.VersionLoggerListener.log OS Version:            5.15.167.4-microsoft-standard-WSL2
29-Jan-2025 13:44:13.987 INFO [main] org.apache.catalina.startup.VersionLoggerListener.log Architecture:          amd64
29-Jan-2025 13:44:13.987 INFO [main] org.apache.catalina.startup.VersionLoggerListener.log Java Home:             /opt/java/openjdk
29-Jan-2025 13:44:13.987 INFO [main] org.apache.catalina.startup.VersionLoggerListener.log JVM Version:           17.0.7+7-LTS
29-Jan-2025 13:44:13.988 INFO [main] org.apache.catalina.startup.VersionLoggerListener.log JVM Vendor:            Amazon.com Inc.
29-Jan-2025 13:44:13.988 INFO [main] org.apache.catalina.startup.VersionLoggerListener.log CATALINA_BASE:         /opt/teamcity
29-Jan-2025 13:44:13.988 INFO [main] org.apache.catalina.startup.VersionLoggerListener.log CATALINA_HOME:         /opt/teamcity
29-Jan-2025 13:44:14.010 INFO [main] org.apache.catalina.startup.VersionLoggerListener.log Command line argument: --add-opens=jdk.management/com.sun.management.internal=ALL-UNNAMED
29-Jan-2025 13:44:14.013 INFO [main] org.apache.catalina.startup.VersionLoggerListener.log Command line argument: -XX:+IgnoreUnrecognizedVMOptions
29-Jan-2025 13:44:14.014 INFO [main] org.apache.catalina.startup.VersionLoggerListener.log Command line argument: -Djava.security.manager=allow
29-Jan-2025 13:44:14.014 INFO [main] org.apache.catalina.startup.VersionLoggerListener.log Command line argument: --add-opens=java.base/java.lang=ALL-UNNAMED
29-Jan-2025 13:44:14.014 INFO [main] org.apache.catalina.startup.VersionLoggerListener.log Command line argument: --add-opens=java.base/java.io=ALL-UNNAMED
29-Jan-2025 13:44:14.015 INFO [main] org.apache.catalina.startup.VersionLoggerListener.log Command line argument: --add-opens=java.base/java.util=ALL-UNNAMED
29-Jan-2025 13:44:14.018 INFO [main] org.apache.catalina.startup.VersionLoggerListener.log Command line argument: --add-opens=java.base/java.util.concurrent=ALL-UNNAMED
29-Jan-2025 13:44:14.018 INFO [main] org.apache.catalina.startup.VersionLoggerListener.log Command line argument: --add-opens=java.rmi/sun.rmi.transport=ALL-UNNAMED
29-Jan-2025 13:44:14.019 INFO [main] org.apache.catalina.startup.VersionLoggerListener.log Command line argument: -Djava.util.logging.config.file=/opt/teamcity/conf/logging.properties
29-Jan-2025 13:44:14.020 INFO [main] org.apache.catalina.startup.VersionLoggerListener.log Command line argument: -Djava.util.logging.manager=org.apache.juli.ClassLoaderLogManager
29-Jan-2025 13:44:14.021 INFO [main] org.apache.catalina.startup.VersionLoggerListener.log Command line argument: -Djdk.tls.ephemeralDHKeySize=2048
29-Jan-2025 13:44:14.022 INFO [main] org.apache.catalina.startup.VersionLoggerListener.log Command line argument: -Djava.protocol.handler.pkgs=org.apache.catalina.webresources
29-Jan-2025 13:44:14.023 INFO [main] org.apache.catalina.startup.VersionLoggerListener.log Command line argument: -Dorg.apache.catalina.security.SecurityListener.UMASK=0027
29-Jan-2025 13:44:14.029 INFO [main] org.apache.catalina.startup.VersionLoggerListener.log Command line argument: -Xmx2g
29-Jan-2025 13:44:14.030 INFO [main] org.apache.catalina.startup.VersionLoggerListener.log Command line argument: -XX:ReservedCodeCacheSize=640m
29-Jan-2025 13:44:14.031 INFO [main] org.apache.catalina.startup.VersionLoggerListener.log Command line argument: -Dteamcity.configuration.path=../conf/teamcity-startup.properties
29-Jan-2025 13:44:14.033 INFO [main] org.apache.catalina.startup.VersionLoggerListener.log Command line argument: -Dlog4j2.configurationFile=file:/opt/teamcity/bin/../conf/teamcity-server-log4j.xml
29-Jan-2025 13:44:14.034 INFO [main] org.apache.catalina.startup.VersionLoggerListener.log Command line argument: -Dteamcity_logs=/opt/teamcity/bin/../logs
29-Jan-2025 13:44:14.035 INFO [main] org.apache.catalina.startup.VersionLoggerListener.log Command line argument: -Djava.awt.headless=true
29-Jan-2025 13:44:14.035 INFO [main] org.apache.catalina.startup.VersionLoggerListener.log Command line argument: -Dignore.endorsed.dirs=
29-Jan-2025 13:44:14.036 INFO [main] org.apache.catalina.startup.VersionLoggerListener.log Command line argument: -Dcatalina.base=/opt/teamcity
29-Jan-2025 13:44:14.037 INFO [main] org.apache.catalina.startup.VersionLoggerListener.log Command line argument: -Dcatalina.home=/opt/teamcity
29-Jan-2025 13:44:14.038 INFO [main] org.apache.catalina.startup.VersionLoggerListener.log Command line argument: -Djava.io.tmpdir=/opt/teamcity/temp
29-Jan-2025 13:44:14.048 INFO [main] org.apache.catalina.core.AprLifecycleListener.lifecycleEvent The Apache Tomcat Native library which allows using OpenSSL was not found on the java.library.path: [/usr/java/packages/lib:/usr/lib64:/lib64:/lib:/usr/lib]
29-Jan-2025 13:44:14.566 INFO [main] org.apache.coyote.AbstractProtocol.init Initializing ProtocolHandler ["http-nio-8111"]
29-Jan-2025 13:44:14.614 INFO [main] org.apache.catalina.startup.Catalina.load Server initialization in [932] milliseconds
29-Jan-2025 13:44:14.710 INFO [main] org.apache.catalina.core.StandardService.startInternal Starting service [Catalina]
29-Jan-2025 13:44:14.713 INFO [main] org.apache.catalina.core.StandardEngine.startInternal Starting Servlet engine: [Apache Tomcat/9.0.98]
29-Jan-2025 13:44:14.738 INFO [main] org.apache.catalina.startup.HostConfig.deployDirectory Deploying web application directory [/opt/teamcity/webapps/ROOT]
29-Jan-2025 13:44:26.558 INFO [main] org.apache.catalina.startup.HostConfig.deployDirectory Deployment of web application directory [/opt/teamcity/webapps/ROOT] has finished in [11,819] ms
29-Jan-2025 13:44:26.597 INFO [main] org.apache.coyote.AbstractProtocol.start Starting ProtocolHandler ["http-nio-8111"]
29-Jan-2025 13:44:26.737 INFO [main] org.apache.catalina.startup.Catalina.start Server startup in [12121] milliseconds
29-Jan-2025 13:47:42.946 INFO [main] org.apache.catalina.core.StandardServer.await A valid shutdown command was received via the shutdown port. Stopping the Server instance.
29-Jan-2025 13:47:42.947 INFO [main] org.apache.coyote.AbstractProtocol.pause Pausing ProtocolHandler ["http-nio-8111"]
29-Jan-2025 13:47:42.955 INFO [main] org.apache.catalina.core.StandardService.stopInternal Stopping service [Catalina]
29-Jan-2025 13:47:43.043 WARNING [main] org.apache.catalina.loader.WebappClassLoaderBase.clearReferencesThreads The web application [ROOT] appears to have started a thread named [Change Observer 1] but has failed to stop it. This is very likely to create a memory leak. Stack trace of thread:
 java.base@17.0.7/jdk.internal.misc.Unsafe.park(Native Method)
 java.base@17.0.7/java.util.concurrent.locks.LockSupport.parkNanos(LockSupport.java:252)
 java.base@17.0.7/java.util.concurrent.locks.AbstractQueuedSynchronizer$ConditionObject.awaitNanos(AbstractQueuedSynchronizer.java:1672)
 java.base@17.0.7/java.util.concurrent.ScheduledThreadPoolExecutor$DelayedWorkQueue.take(ScheduledThreadPoolExecutor.java:1182)
 java.base@17.0.7/java.util.concurrent.ScheduledThreadPoolExecutor$DelayedWorkQueue.take(ScheduledThreadPoolExecutor.java:899)
 java.base@17.0.7/java.util.concurrent.ThreadPoolExecutor.getTask(ThreadPoolExecutor.java:1062)
 java.base@17.0.7/java.util.concurrent.ThreadPoolExecutor.runWorker(ThreadPoolExecutor.java:1122)
 java.base@17.0.7/java.util.concurrent.ThreadPoolExecutor$Worker.run(ThreadPoolExecutor.java:635)
 java.base@17.0.7/java.lang.Thread.run(Thread.java:833)
29-Jan-2025 13:47:43.053 SEVERE [main] org.apache.catalina.loader.WebappClassLoaderBase.checkThreadLocalMapForLeaks The web application [ROOT] created a ThreadLocal with key of type [jetbrains.buildServer.util.ThreadStat$1] (value [jetbrains.buildServer.util.ThreadStat$1@49d74660]) and a value of type [jetbrains.buildServer.util.NoOpTraceState] (value [jetbrains.buildServer.util.NoOpTraceState@176246e8]) but failed to remove it when the web application was stopped. Threads are going to be renewed over time to try and avoid a probable memory leak.
29-Jan-2025 13:47:43.055 SEVERE [main] org.apache.catalina.loader.WebappClassLoaderBase.checkThreadLocalMapForLeaks The web application [ROOT] created a ThreadLocal with key of type [java.lang.ThreadLocal] (value [java.lang.ThreadLocal@4e990318]) and a value of type [jetbrains.buildServer.util.NamedThreadFactory$1] (value [jetbrains.buildServer.util.NamedThreadFactory$1@7d51f106]) but failed to remove it when the web application was stopped. Threads are going to be renewed over time to try and avoid a probable memory leak.
29-Jan-2025 13:47:43.079 INFO [main] org.apache.coyote.AbstractProtocol.stop Stopping ProtocolHandler ["http-nio-8111"]
29-Jan-2025 13:47:43.087 INFO [main] org.apache.coyote.AbstractProtocol.destroy Destroying ProtocolHandler ["http-nio-8111"]
29-Jan-2025 13:48:47.163 INFO [main] org.apache.catalina.startup.VersionLoggerListener.log Server version name:   Apache Tomcat/9.0.98
29-Jan-2025 13:48:47.176 INFO [main] org.apache.catalina.startup.VersionLoggerListener.log Server built:          Dec 5 2024 19:50:29 UTC
29-Jan-2025 13:48:47.177 INFO [main] org.apache.catalina.startup.VersionLoggerListener.log Server version number: 9.0.98.0
29-Jan-2025 13:48:47.178 INFO [main] org.apache.catalina.startup.VersionLoggerListener.log OS Name:               Linux
29-Jan-2025 13:48:47.179 INFO [main] org.apache.catalina.startup.VersionLoggerListener.log OS Version:            5.15.167.4-microsoft-standard-WSL2
29-Jan-2025 13:48:47.179 INFO [main] org.apache.catalina.startup.VersionLoggerListener.log Architecture:          amd64
29-Jan-2025 13:48:47.180 INFO [main] org.apache.catalina.startup.VersionLoggerListener.log Java Home:             /opt/java/openjdk
29-Jan-2025 13:48:47.180 INFO [main] org.apache.catalina.startup.VersionLoggerListener.log JVM Version:           17.0.7+7-LTS
29-Jan-2025 13:48:47.180 INFO [main] org.apache.catalina.startup.VersionLoggerListener.log JVM Vendor:            Amazon.com Inc.
29-Jan-2025 13:48:47.181 INFO [main] org.apache.catalina.startup.VersionLoggerListener.log CATALINA_BASE:         /opt/teamcity
29-Jan-2025 13:48:47.181 INFO [main] org.apache.catalina.startup.VersionLoggerListener.log CATALINA_HOME:         /opt/teamcity
29-Jan-2025 13:48:47.234 INFO [main] org.apache.catalina.startup.VersionLoggerListener.log Command line argument: --add-opens=jdk.management/com.sun.management.internal=ALL-UNNAMED
29-Jan-2025 13:48:47.234 INFO [main] org.apache.catalina.startup.VersionLoggerListener.log Command line argument: -XX:+IgnoreUnrecognizedVMOptions
29-Jan-2025 13:48:47.235 INFO [main] org.apache.catalina.startup.VersionLoggerListener.log Command line argument: -Djava.security.manager=allow
29-Jan-2025 13:48:47.235 INFO [main] org.apache.catalina.startup.VersionLoggerListener.log Command line argument: --add-opens=java.base/java.lang=ALL-UNNAMED
29-Jan-2025 13:48:47.235 INFO [main] org.apache.catalina.startup.VersionLoggerListener.log Command line argument: --add-opens=java.base/java.io=ALL-UNNAMED
29-Jan-2025 13:48:47.235 INFO [main] org.apache.catalina.startup.VersionLoggerListener.log Command line argument: --add-opens=java.base/java.util=ALL-UNNAMED
29-Jan-2025 13:48:47.235 INFO [main] org.apache.catalina.startup.VersionLoggerListener.log Command line argument: --add-opens=java.base/java.util.concurrent=ALL-UNNAMED
29-Jan-2025 13:48:47.236 INFO [main] org.apache.catalina.startup.VersionLoggerListener.log Command line argument: --add-opens=java.rmi/sun.rmi.transport=ALL-UNNAMED
29-Jan-2025 13:48:47.236 INFO [main] org.apache.catalina.startup.VersionLoggerListener.log Command line argument: -Djava.util.logging.config.file=/opt/teamcity/conf/logging.properties
29-Jan-2025 13:48:47.237 INFO [main] org.apache.catalina.startup.VersionLoggerListener.log Command line argument: -Djava.util.logging.manager=org.apache.juli.ClassLoaderLogManager
29-Jan-2025 13:48:47.237 INFO [main] org.apache.catalina.startup.VersionLoggerListener.log Command line argument: -Djdk.tls.ephemeralDHKeySize=2048
29-Jan-2025 13:48:47.237 INFO [main] org.apache.catalina.startup.VersionLoggerListener.log Command line argument: -Djava.protocol.handler.pkgs=org.apache.catalina.webresources
29-Jan-2025 13:48:47.239 INFO [main] org.apache.catalina.startup.VersionLoggerListener.log Command line argument: -Dorg.apache.catalina.security.SecurityListener.UMASK=0027
29-Jan-2025 13:48:47.239 INFO [main] org.apache.catalina.startup.VersionLoggerListener.log Command line argument: -Xmx2g
29-Jan-2025 13:48:47.240 INFO [main] org.apache.catalina.startup.VersionLoggerListener.log Command line argument: -XX:ReservedCodeCacheSize=640m
29-Jan-2025 13:48:47.253 INFO [main] org.apache.catalina.startup.VersionLoggerListener.log Command line argument: -Dteamcity.configuration.path=../conf/teamcity-startup.properties
29-Jan-2025 13:48:47.253 INFO [main] org.apache.catalina.startup.VersionLoggerListener.log Command line argument: -Dlog4j2.configurationFile=file:/opt/teamcity/bin/../conf/teamcity-server-log4j.xml
29-Jan-2025 13:48:47.253 INFO [main] org.apache.catalina.startup.VersionLoggerListener.log Command line argument: -Dteamcity_logs=/opt/teamcity/bin/../logs
29-Jan-2025 13:48:47.253 INFO [main] org.apache.catalina.startup.VersionLoggerListener.log Command line argument: -Djava.awt.headless=true
29-Jan-2025 13:48:47.253 INFO [main] org.apache.catalina.startup.VersionLoggerListener.log Command line argument: -Dignore.endorsed.dirs=
29-Jan-2025 13:48:47.254 INFO [main] org.apache.catalina.startup.VersionLoggerListener.log Command line argument: -Dcatalina.base=/opt/teamcity
29-Jan-2025 13:48:47.254 INFO [main] org.apache.catalina.startup.VersionLoggerListener.log Command line argument: -Dcatalina.home=/opt/teamcity
29-Jan-2025 13:48:47.254 INFO [main] org.apache.catalina.startup.VersionLoggerListener.log Command line argument: -Djava.io.tmpdir=/opt/teamcity/temp
29-Jan-2025 13:48:47.257 INFO [main] org.apache.catalina.core.AprLifecycleListener.lifecycleEvent The Apache Tomcat Native library which allows using OpenSSL was not found on the java.library.path: [/usr/java/packages/lib:/usr/lib64:/lib64:/lib:/usr/lib]
29-Jan-2025 13:48:48.427 INFO [main] org.apache.coyote.AbstractProtocol.init Initializing ProtocolHandler ["http-nio-8111"]
29-Jan-2025 13:48:48.629 INFO [main] org.apache.catalina.startup.Catalina.load Server initialization in [1958] milliseconds
29-Jan-2025 13:48:48.863 INFO [main] org.apache.catalina.core.StandardService.startInternal Starting service [Catalina]
29-Jan-2025 13:48:48.865 INFO [main] org.apache.catalina.core.StandardEngine.startInternal Starting Servlet engine: [Apache Tomcat/9.0.98]
29-Jan-2025 13:48:48.969 INFO [main] org.apache.catalina.startup.HostConfig.deployDirectory Deploying web application directory [/opt/teamcity/webapps/ROOT]
29-Jan-2025 13:49:09.662 INFO [main] org.apache.catalina.startup.HostConfig.deployDirectory Deployment of web application directory [/opt/teamcity/webapps/ROOT] has finished in [20,697] ms
29-Jan-2025 13:49:09.717 INFO [main] org.apache.coyote.AbstractProtocol.start Starting ProtocolHandler ["http-nio-8111"]
29-Jan-2025 13:49:09.907 INFO [main] org.apache.catalina.startup.Catalina.start Server startup in [21276] milliseconds
29-Jan-2025 13:51:16.926 INFO [main] org.apache.catalina.startup.VersionLoggerListener.log Server version name:   Apache Tomcat/9.0.98
29-Jan-2025 13:51:16.934 INFO [main] org.apache.catalina.startup.VersionLoggerListener.log Server built:          Dec 5 2024 19:50:29 UTC
29-Jan-2025 13:51:16.936 INFO [main] org.apache.catalina.startup.VersionLoggerListener.log Server version number: 9.0.98.0
29-Jan-2025 13:51:16.936 INFO [main] org.apache.catalina.startup.VersionLoggerListener.log OS Name:               Linux
29-Jan-2025 13:51:16.937 INFO [main] org.apache.catalina.startup.VersionLoggerListener.log OS Version:            5.15.167.4-microsoft-standard-WSL2
29-Jan-2025 13:51:16.937 INFO [main] org.apache.catalina.startup.VersionLoggerListener.log Architecture:          amd64
29-Jan-2025 13:51:16.937 INFO [main] org.apache.catalina.startup.VersionLoggerListener.log Java Home:             /opt/java/openjdk
29-Jan-2025 13:51:16.944 INFO [main] org.apache.catalina.startup.VersionLoggerListener.log JVM Version:           17.0.7+7-LTS
29-Jan-2025 13:51:16.944 INFO [main] org.apache.catalina.startup.VersionLoggerListener.log JVM Vendor:            Amazon.com Inc.
29-Jan-2025 13:51:16.945 INFO [main] org.apache.catalina.startup.VersionLoggerListener.log CATALINA_BASE:         /opt/teamcity
29-Jan-2025 13:51:16.945 INFO [main] org.apache.catalina.startup.VersionLoggerListener.log CATALINA_HOME:         /opt/teamcity
29-Jan-2025 13:51:16.960 INFO [main] org.apache.catalina.startup.VersionLoggerListener.log Command line argument: --add-opens=jdk.management/com.sun.management.internal=ALL-UNNAMED
29-Jan-2025 13:51:16.960 INFO [main] org.apache.catalina.startup.VersionLoggerListener.log Command line argument: -XX:+IgnoreUnrecognizedVMOptions
29-Jan-2025 13:51:16.961 INFO [main] org.apache.catalina.startup.VersionLoggerListener.log Command line argument: -Djava.security.manager=allow
29-Jan-2025 13:51:16.961 INFO [main] org.apache.catalina.startup.VersionLoggerListener.log Command line argument: --add-opens=java.base/java.lang=ALL-UNNAMED
29-Jan-2025 13:51:16.961 INFO [main] org.apache.catalina.startup.VersionLoggerListener.log Command line argument: --add-opens=java.base/java.io=ALL-UNNAMED
29-Jan-2025 13:51:16.961 INFO [main] org.apache.catalina.startup.VersionLoggerListener.log Command line argument: --add-opens=java.base/java.util=ALL-UNNAMED
29-Jan-2025 13:51:16.961 INFO [main] org.apache.catalina.startup.VersionLoggerListener.log Command line argument: --add-opens=java.base/java.util.concurrent=ALL-UNNAMED
29-Jan-2025 13:51:16.962 INFO [main] org.apache.catalina.startup.VersionLoggerListener.log Command line argument: --add-opens=java.rmi/sun.rmi.transport=ALL-UNNAMED
29-Jan-2025 13:51:16.962 INFO [main] org.apache.catalina.startup.VersionLoggerListener.log Command line argument: -Djava.util.logging.config.file=/opt/teamcity/conf/logging.properties
29-Jan-2025 13:51:16.962 INFO [main] org.apache.catalina.startup.VersionLoggerListener.log Command line argument: -Djava.util.logging.manager=org.apache.juli.ClassLoaderLogManager
29-Jan-2025 13:51:16.962 INFO [main] org.apache.catalina.startup.VersionLoggerListener.log Command line argument: -Djdk.tls.ephemeralDHKeySize=2048
29-Jan-2025 13:51:16.963 INFO [main] org.apache.catalina.startup.VersionLoggerListener.log Command line argument: -Djava.protocol.handler.pkgs=org.apache.catalina.webresources
29-Jan-2025 13:51:16.963 INFO [main] org.apache.catalina.startup.VersionLoggerListener.log Command line argument: -Dorg.apache.catalina.security.SecurityListener.UMASK=0027
29-Jan-2025 13:51:16.963 INFO [main] org.apache.catalina.startup.VersionLoggerListener.log Command line argument: -Dteamcity.datasource.driver=com.mysql.cj.jdbc.Driver
29-Jan-2025 13:51:16.963 INFO [main] org.apache.catalina.startup.VersionLoggerListener.log Command line argument: -Dteamcity.datasource.url=jdbc:mysql://teamcity-mysql:3306/teamcity?useSSL=false
29-Jan-2025 13:51:16.964 INFO [main] org.apache.catalina.startup.VersionLoggerListener.log Command line argument: -Dteamcity.datasource.username=teamcity
29-Jan-2025 13:51:16.964 INFO [main] org.apache.catalina.startup.VersionLoggerListener.log Command line argument: -Dteamcity.datasource.password=teamcity
29-Jan-2025 13:51:16.964 INFO [main] org.apache.catalina.startup.VersionLoggerListener.log Command line argument: -Xmx2g
29-Jan-2025 13:51:16.964 INFO [main] org.apache.catalina.startup.VersionLoggerListener.log Command line argument: -XX:ReservedCodeCacheSize=350m
29-Jan-2025 13:51:16.964 INFO [main] org.apache.catalina.startup.VersionLoggerListener.log Command line argument: -Dteamcity.configuration.path=../conf/teamcity-startup.properties
29-Jan-2025 13:51:16.965 INFO [main] org.apache.catalina.startup.VersionLoggerListener.log Command line argument: -Dlog4j2.configurationFile=file:/opt/teamcity/bin/../conf/teamcity-server-log4j.xml
29-Jan-2025 13:51:16.965 INFO [main] org.apache.catalina.startup.VersionLoggerListener.log Command line argument: -Dteamcity_logs=/opt/teamcity/bin/../logs
29-Jan-2025 13:51:16.965 INFO [main] org.apache.catalina.startup.VersionLoggerListener.log Command line argument: -Djava.awt.headless=true
29-Jan-2025 13:51:16.965 INFO [main] org.apache.catalina.startup.VersionLoggerListener.log Command line argument: -Dignore.endorsed.dirs=
29-Jan-2025 13:51:16.965 INFO [main] org.apache.catalina.startup.VersionLoggerListener.log Command line argument: -Dcatalina.base=/opt/teamcity
29-Jan-2025 13:51:16.966 INFO [main] org.apache.catalina.startup.VersionLoggerListener.log Command line argument: -Dcatalina.home=/opt/teamcity
29-Jan-2025 13:51:16.966 INFO [main] org.apache.catalina.startup.VersionLoggerListener.log Command line argument: -Djava.io.tmpdir=/opt/teamcity/temp
29-Jan-2025 13:51:16.974 INFO [main] org.apache.catalina.core.AprLifecycleListener.lifecycleEvent The Apache Tomcat Native library which allows using OpenSSL was not found on the java.library.path: [/usr/java/packages/lib:/usr/lib64:/lib64:/lib:/usr/lib]
29-Jan-2025 13:51:17.941 INFO [main] org.apache.coyote.AbstractProtocol.init Initializing ProtocolHandler ["http-nio-8111"]
29-Jan-2025 13:51:18.012 INFO [main] org.apache.catalina.startup.Catalina.load Server initialization in [1682] milliseconds
29-Jan-2025 13:51:18.184 INFO [main] org.apache.catalina.core.StandardService.startInternal Starting service [Catalina]
29-Jan-2025 13:51:18.185 INFO [main] org.apache.catalina.core.StandardEngine.startInternal Starting Servlet engine: [Apache Tomcat/9.0.98]
29-Jan-2025 13:51:18.196 INFO [main] org.apache.catalina.startup.HostConfig.deployDirectory Deploying web application directory [/opt/teamcity/webapps/ROOT]
29-Jan-2025 13:51:29.596 INFO [main] org.apache.catalina.startup.HostConfig.deployDirectory Deployment of web application directory [/opt/teamcity/webapps/ROOT] has finished in [11,399] ms
29-Jan-2025 13:51:29.619 INFO [main] org.apache.coyote.AbstractProtocol.start Starting ProtocolHandler ["http-nio-8111"]
29-Jan-2025 13:51:29.707 INFO [main] org.apache.catalina.startup.Catalina.start Server startup in [11694] milliseconds
29-Jan-2025 13:51:59.322 INFO [main] org.apache.catalina.startup.VersionLoggerListener.log Server version name:   Apache Tomcat/9.0.98
29-Jan-2025 13:51:59.330 INFO [main] org.apache.catalina.startup.VersionLoggerListener.log Server built:          Dec 5 2024 19:50:29 UTC
29-Jan-2025 13:51:59.333 INFO [main] org.apache.catalina.startup.VersionLoggerListener.log Server version number: 9.0.98.0
29-Jan-2025 13:51:59.333 INFO [main] org.apache.catalina.startup.VersionLoggerListener.log OS Name:               Linux
29-Jan-2025 13:51:59.334 INFO [main] org.apache.catalina.startup.VersionLoggerListener.log OS Version:            5.15.167.4-microsoft-standard-WSL2
29-Jan-2025 13:51:59.336 INFO [main] org.apache.catalina.startup.VersionLoggerListener.log Architecture:          amd64
29-Jan-2025 13:51:59.337 INFO [main] org.apache.catalina.startup.VersionLoggerListener.log Java Home:             /opt/java/openjdk
29-Jan-2025 13:51:59.337 INFO [main] org.apache.catalina.startup.VersionLoggerListener.log JVM Version:           17.0.7+7-LTS
29-Jan-2025 13:51:59.337 INFO [main] org.apache.catalina.startup.VersionLoggerListener.log JVM Vendor:            Amazon.com Inc.
29-Jan-2025 13:51:59.337 INFO [main] org.apache.catalina.startup.VersionLoggerListener.log CATALINA_BASE:         /opt/teamcity
29-Jan-2025 13:51:59.337 INFO [main] org.apache.catalina.startup.VersionLoggerListener.log CATALINA_HOME:         /opt/teamcity
29-Jan-2025 13:51:59.358 INFO [main] org.apache.catalina.startup.VersionLoggerListener.log Command line argument: --add-opens=jdk.management/com.sun.management.internal=ALL-UNNAMED
29-Jan-2025 13:51:59.359 INFO [main] org.apache.catalina.startup.VersionLoggerListener.log Command line argument: -XX:+IgnoreUnrecognizedVMOptions
29-Jan-2025 13:51:59.364 INFO [main] org.apache.catalina.startup.VersionLoggerListener.log Command line argument: -Djava.security.manager=allow
29-Jan-2025 13:51:59.365 INFO [main] org.apache.catalina.startup.VersionLoggerListener.log Command line argument: --add-opens=java.base/java.lang=ALL-UNNAMED
29-Jan-2025 13:51:59.366 INFO [main] org.apache.catalina.startup.VersionLoggerListener.log Command line argument: --add-opens=java.base/java.io=ALL-UNNAMED
29-Jan-2025 13:51:59.366 INFO [main] org.apache.catalina.startup.VersionLoggerListener.log Command line argument: --add-opens=java.base/java.util=ALL-UNNAMED
29-Jan-2025 13:51:59.367 INFO [main] org.apache.catalina.startup.VersionLoggerListener.log Command line argument: --add-opens=java.base/java.util.concurrent=ALL-UNNAMED
29-Jan-2025 13:51:59.368 INFO [main] org.apache.catalina.startup.VersionLoggerListener.log Command line argument: --add-opens=java.rmi/sun.rmi.transport=ALL-UNNAMED
29-Jan-2025 13:51:59.368 INFO [main] org.apache.catalina.startup.VersionLoggerListener.log Command line argument: -Djava.util.logging.config.file=/opt/teamcity/conf/logging.properties
29-Jan-2025 13:51:59.369 INFO [main] org.apache.catalina.startup.VersionLoggerListener.log Command line argument: -Djava.util.logging.manager=org.apache.juli.ClassLoaderLogManager
29-Jan-2025 13:51:59.369 INFO [main] org.apache.catalina.startup.VersionLoggerListener.log Command line argument: -Djdk.tls.ephemeralDHKeySize=2048
29-Jan-2025 13:51:59.369 INFO [main] org.apache.catalina.startup.VersionLoggerListener.log Command line argument: -Djava.protocol.handler.pkgs=org.apache.catalina.webresources
29-Jan-2025 13:51:59.370 INFO [main] org.apache.catalina.startup.VersionLoggerListener.log Command line argument: -Dorg.apache.catalina.security.SecurityListener.UMASK=0027
29-Jan-2025 13:51:59.370 INFO [main] org.apache.catalina.startup.VersionLoggerListener.log Command line argument: -Dteamcity.datasource.driver=com.mysql.cj.jdbc.Driver
29-Jan-2025 13:51:59.370 INFO [main] org.apache.catalina.startup.VersionLoggerListener.log Command line argument: -Dteamcity.datasource.url=jdbc:mysql://teamcity-mysql:3306/teamcity?useSSL=false
29-Jan-2025 13:51:59.370 INFO [main] org.apache.catalina.startup.VersionLoggerListener.log Command line argument: -Dteamcity.datasource.username=teamcity
29-Jan-2025 13:51:59.370 INFO [main] org.apache.catalina.startup.VersionLoggerListener.log Command line argument: -Dteamcity.datasource.password=teamcity
29-Jan-2025 13:51:59.371 INFO [main] org.apache.catalina.startup.VersionLoggerListener.log Command line argument: -Xmx2g
29-Jan-2025 13:51:59.371 INFO [main] org.apache.catalina.startup.VersionLoggerListener.log Command line argument: -XX:ReservedCodeCacheSize=350m
29-Jan-2025 13:51:59.371 INFO [main] org.apache.catalina.startup.VersionLoggerListener.log Command line argument: -Dteamcity.configuration.path=../conf/teamcity-startup.properties
29-Jan-2025 13:51:59.371 INFO [main] org.apache.catalina.startup.VersionLoggerListener.log Command line argument: -Dlog4j2.configurationFile=file:/opt/teamcity/bin/../conf/teamcity-server-log4j.xml
29-Jan-2025 13:51:59.371 INFO [main] org.apache.catalina.startup.VersionLoggerListener.log Command line argument: -Dteamcity_logs=/opt/teamcity/bin/../logs
29-Jan-2025 13:51:59.372 INFO [main] org.apache.catalina.startup.VersionLoggerListener.log Command line argument: -Djava.awt.headless=true
29-Jan-2025 13:51:59.372 INFO [main] org.apache.catalina.startup.VersionLoggerListener.log Command line argument: -Dignore.endorsed.dirs=
29-Jan-2025 13:51:59.372 INFO [main] org.apache.catalina.startup.VersionLoggerListener.log Command line argument: -Dcatalina.base=/opt/teamcity
29-Jan-2025 13:51:59.372 INFO [main] org.apache.catalina.startup.VersionLoggerListener.log Command line argument: -Dcatalina.home=/opt/teamcity
29-Jan-2025 13:51:59.372 INFO [main] org.apache.catalina.startup.VersionLoggerListener.log Command line argument: -Djava.io.tmpdir=/opt/teamcity/temp
29-Jan-2025 13:51:59.387 INFO [main] org.apache.catalina.core.AprLifecycleListener.lifecycleEvent The Apache Tomcat Native library which allows using OpenSSL was not found on the java.library.path: [/usr/java/packages/lib:/usr/lib64:/lib64:/lib:/usr/lib]
29-Jan-2025 13:51:59.945 INFO [main] org.apache.coyote.AbstractProtocol.init Initializing ProtocolHandler ["http-nio-8111"]
29-Jan-2025 13:52:00.025 INFO [main] org.apache.catalina.startup.Catalina.load Server initialization in [998] milliseconds
29-Jan-2025 13:52:00.118 INFO [main] org.apache.catalina.core.StandardService.startInternal Starting service [Catalina]
29-Jan-2025 13:52:00.119 INFO [main] org.apache.catalina.core.StandardEngine.startInternal Starting Servlet engine: [Apache Tomcat/9.0.98]
29-Jan-2025 13:52:00.154 INFO [main] org.apache.catalina.startup.HostConfig.deployDirectory Deploying web application directory [/opt/teamcity/webapps/ROOT]
29-Jan-2025 13:52:19.478 INFO [main] org.apache.catalina.startup.HostConfig.deployDirectory Deployment of web application directory [/opt/teamcity/webapps/ROOT] has finished in [19,324] ms
29-Jan-2025 13:52:19.495 INFO [main] org.apache.coyote.AbstractProtocol.start Starting ProtocolHandler ["http-nio-8111"]
29-Jan-2025 13:52:19.730 INFO [main] org.apache.catalina.startup.Catalina.start Server startup in [19704] milliseconds
29-Jan-2025 13:53:42.145 INFO [main] org.apache.catalina.core.StandardServer.await A valid shutdown command was received via the shutdown port. Stopping the Server instance.
29-Jan-2025 13:53:42.146 INFO [main] org.apache.coyote.AbstractProtocol.pause Pausing ProtocolHandler ["http-nio-8111"]
29-Jan-2025 13:53:42.150 INFO [main] org.apache.catalina.core.StandardService.stopInternal Stopping service [Catalina]
29-Jan-2025 13:53:42.285 WARNING [main] org.apache.catalina.loader.WebappClassLoaderBase.clearReferencesJdbc The web application [ROOT] registered the JDBC driver [org.hsqldb.jdbc.JDBCDriver] but failed to unregister it when the web application was stopped. To prevent a memory leak, the JDBC Driver has been forcibly unregistered.
29-Jan-2025 13:53:42.290 WARNING [main] org.apache.catalina.loader.WebappClassLoaderBase.clearReferencesThreads The web application [ROOT] appears to have started a thread named [Change Observer 1] but has failed to stop it. This is very likely to create a memory leak. Stack trace of thread:
 java.base@17.0.7/jdk.internal.misc.Unsafe.park(Native Method)
 java.base@17.0.7/java.util.concurrent.locks.LockSupport.parkNanos(LockSupport.java:252)
 java.base@17.0.7/java.util.concurrent.locks.AbstractQueuedSynchronizer$ConditionObject.awaitNanos(AbstractQueuedSynchronizer.java:1672)
 java.base@17.0.7/java.util.concurrent.ScheduledThreadPoolExecutor$DelayedWorkQueue.take(ScheduledThreadPoolExecutor.java:1182)
 java.base@17.0.7/java.util.concurrent.ScheduledThreadPoolExecutor$DelayedWorkQueue.take(ScheduledThreadPoolExecutor.java:899)
 java.base@17.0.7/java.util.concurrent.ThreadPoolExecutor.getTask(ThreadPoolExecutor.java:1062)
 java.base@17.0.7/java.util.concurrent.ThreadPoolExecutor.runWorker(ThreadPoolExecutor.java:1122)
 java.base@17.0.7/java.util.concurrent.ThreadPoolExecutor$Worker.run(ThreadPoolExecutor.java:635)
 java.base@17.0.7/java.lang.Thread.run(Thread.java:833)
29-Jan-2025 13:53:42.301 SEVERE [main] org.apache.catalina.loader.WebappClassLoaderBase.checkThreadLocalMapForLeaks The web application [ROOT] created a ThreadLocal with key of type [java.lang.ThreadLocal] (value [java.lang.ThreadLocal@3ef4d1e9]) and a value of type [jetbrains.buildServer.util.NamedThreadFactory$1] (value [jetbrains.buildServer.util.NamedThreadFactory$1@18da218f]) but failed to remove it when the web application was stopped. Threads are going to be renewed over time to try and avoid a probable memory leak.
29-Jan-2025 13:53:42.302 SEVERE [main] org.apache.catalina.loader.WebappClassLoaderBase.checkThreadLocalMapForLeaks The web application [ROOT] created a ThreadLocal with key of type [jetbrains.buildServer.util.ThreadStat$1] (value [jetbrains.buildServer.util.ThreadStat$1@3124924e]) and a value of type [jetbrains.buildServer.util.NoOpTraceState] (value [jetbrains.buildServer.util.NoOpTraceState@2947761a]) but failed to remove it when the web application was stopped. Threads are going to be renewed over time to try and avoid a probable memory leak.
29-Jan-2025 13:53:42.323 INFO [main] org.apache.coyote.AbstractProtocol.stop Stopping ProtocolHandler ["http-nio-8111"]
29-Jan-2025 13:53:42.343 INFO [main] org.apache.coyote.AbstractProtocol.destroy Destroying ProtocolHandler ["http-nio-8111"]
29-Jan-2025 13:54:25.959 INFO [main] org.apache.catalina.startup.VersionLoggerListener.log Server version name:   Apache Tomcat/9.0.98
29-Jan-2025 13:54:25.970 INFO [main] org.apache.catalina.startup.VersionLoggerListener.log Server built:          Dec 5 2024 19:50:29 UTC
29-Jan-2025 13:54:25.970 INFO [main] org.apache.catalina.startup.VersionLoggerListener.log Server version number: 9.0.98.0
29-Jan-2025 13:54:25.970 INFO [main] org.apache.catalina.startup.VersionLoggerListener.log OS Name:               Linux
29-Jan-2025 13:54:25.970 INFO [main] org.apache.catalina.startup.VersionLoggerListener.log OS Version:            5.15.167.4-microsoft-standard-WSL2
29-Jan-2025 13:54:25.971 INFO [main] org.apache.catalina.startup.VersionLoggerListener.log Architecture:          amd64
29-Jan-2025 13:54:25.971 INFO [main] org.apache.catalina.startup.VersionLoggerListener.log Java Home:             /opt/java/openjdk
29-Jan-2025 13:54:25.971 INFO [main] org.apache.catalina.startup.VersionLoggerListener.log JVM Version:           17.0.7+7-LTS
29-Jan-2025 13:54:25.971 INFO [main] org.apache.catalina.startup.VersionLoggerListener.log JVM Vendor:            Amazon.com Inc.
29-Jan-2025 13:54:25.971 INFO [main] org.apache.catalina.startup.VersionLoggerListener.log CATALINA_BASE:         /opt/teamcity
29-Jan-2025 13:54:25.971 INFO [main] org.apache.catalina.startup.VersionLoggerListener.log CATALINA_HOME:         /opt/teamcity
29-Jan-2025 13:54:26.013 INFO [main] org.apache.catalina.startup.VersionLoggerListener.log Command line argument: --add-opens=jdk.management/com.sun.management.internal=ALL-UNNAMED
29-Jan-2025 13:54:26.013 INFO [main] org.apache.catalina.startup.VersionLoggerListener.log Command line argument: -XX:+IgnoreUnrecognizedVMOptions
29-Jan-2025 13:54:26.014 INFO [main] org.apache.catalina.startup.VersionLoggerListener.log Command line argument: -Djava.security.manager=allow
29-Jan-2025 13:54:26.014 INFO [main] org.apache.catalina.startup.VersionLoggerListener.log Command line argument: --add-opens=java.base/java.lang=ALL-UNNAMED
29-Jan-2025 13:54:26.014 INFO [main] org.apache.catalina.startup.VersionLoggerListener.log Command line argument: --add-opens=java.base/java.io=ALL-UNNAMED
29-Jan-2025 13:54:26.014 INFO [main] org.apache.catalina.startup.VersionLoggerListener.log Command line argument: --add-opens=java.base/java.util=ALL-UNNAMED
29-Jan-2025 13:54:26.014 INFO [main] org.apache.catalina.startup.VersionLoggerListener.log Command line argument: --add-opens=java.base/java.util.concurrent=ALL-UNNAMED
29-Jan-2025 13:54:26.015 INFO [main] org.apache.catalina.startup.VersionLoggerListener.log Command line argument: --add-opens=java.rmi/sun.rmi.transport=ALL-UNNAMED
29-Jan-2025 13:54:26.015 INFO [main] org.apache.catalina.startup.VersionLoggerListener.log Command line argument: -Djava.util.logging.config.file=/opt/teamcity/conf/logging.properties
29-Jan-2025 13:54:26.015 INFO [main] org.apache.catalina.startup.VersionLoggerListener.log Command line argument: -Djava.util.logging.manager=org.apache.juli.ClassLoaderLogManager
29-Jan-2025 13:54:26.015 INFO [main] org.apache.catalina.startup.VersionLoggerListener.log Command line argument: -Djdk.tls.ephemeralDHKeySize=2048
29-Jan-2025 13:54:26.015 INFO [main] org.apache.catalina.startup.VersionLoggerListener.log Command line argument: -Djava.protocol.handler.pkgs=org.apache.catalina.webresources
29-Jan-2025 13:54:26.016 INFO [main] org.apache.catalina.startup.VersionLoggerListener.log Command line argument: -Dorg.apache.catalina.security.SecurityListener.UMASK=0027
29-Jan-2025 13:54:26.016 INFO [main] org.apache.catalina.startup.VersionLoggerListener.log Command line argument: -Dteamcity.datasource.driver=com.mysql.cj.jdbc.Driver
29-Jan-2025 13:54:26.016 INFO [main] org.apache.catalina.startup.VersionLoggerListener.log Command line argument: -Dteamcity.datasource.url=jdbc:mysql://teamcity-mysql:3306/teamcity?useSSL=false
29-Jan-2025 13:54:26.016 INFO [main] org.apache.catalina.startup.VersionLoggerListener.log Command line argument: -Dteamcity.datasource.username=teamcity
29-Jan-2025 13:54:26.018 INFO [main] org.apache.catalina.startup.VersionLoggerListener.log Command line argument: -Dteamcity.datasource.password=teamcity
29-Jan-2025 13:54:26.018 INFO [main] org.apache.catalina.startup.VersionLoggerListener.log Command line argument: -Xmx2g
29-Jan-2025 13:54:26.020 INFO [main] org.apache.catalina.startup.VersionLoggerListener.log Command line argument: -XX:ReservedCodeCacheSize=350m
29-Jan-2025 13:54:26.021 INFO [main] org.apache.catalina.startup.VersionLoggerListener.log Command line argument: -Dteamcity.configuration.path=../conf/teamcity-startup.properties
29-Jan-2025 13:54:26.021 INFO [main] org.apache.catalina.startup.VersionLoggerListener.log Command line argument: -Dlog4j2.configurationFile=file:/opt/teamcity/bin/../conf/teamcity-server-log4j.xml
29-Jan-2025 13:54:26.021 INFO [main] org.apache.catalina.startup.VersionLoggerListener.log Command line argument: -Dteamcity_logs=/opt/teamcity/bin/../logs
29-Jan-2025 13:54:26.021 INFO [main] org.apache.catalina.startup.VersionLoggerListener.log Command line argument: -Djava.awt.headless=true
29-Jan-2025 13:54:26.022 INFO [main] org.apache.catalina.startup.VersionLoggerListener.log Command line argument: -Dignore.endorsed.dirs=
29-Jan-2025 13:54:26.023 INFO [main] org.apache.catalina.startup.VersionLoggerListener.log Command line argument: -Dcatalina.base=/opt/teamcity
29-Jan-2025 13:54:26.026 INFO [main] org.apache.catalina.startup.VersionLoggerListener.log Command line argument: -Dcatalina.home=/opt/teamcity
29-Jan-2025 13:54:26.027 INFO [main] org.apache.catalina.startup.VersionLoggerListener.log Command line argument: -Djava.io.tmpdir=/opt/teamcity/temp
29-Jan-2025 13:54:26.033 INFO [main] org.apache.catalina.core.AprLifecycleListener.lifecycleEvent The Apache Tomcat Native library which allows using OpenSSL was not found on the java.library.path: [/usr/java/packages/lib:/usr/lib64:/lib64:/lib:/usr/lib]
29-Jan-2025 13:54:26.625 INFO [main] org.apache.coyote.AbstractProtocol.init Initializing ProtocolHandler ["http-nio-8111"]
29-Jan-2025 13:54:26.682 INFO [main] org.apache.catalina.startup.Catalina.load Server initialization in [1049] milliseconds
29-Jan-2025 13:54:26.769 INFO [main] org.apache.catalina.core.StandardService.startInternal Starting service [Catalina]
29-Jan-2025 13:54:26.769 INFO [main] org.apache.catalina.core.StandardEngine.startInternal Starting Servlet engine: [Apache Tomcat/9.0.98]
29-Jan-2025 13:54:26.799 INFO [main] org.apache.catalina.startup.HostConfig.deployDirectory Deploying web application directory [/opt/teamcity/webapps/ROOT]
29-Jan-2025 13:54:48.472 INFO [main] org.apache.catalina.startup.HostConfig.deployDirectory Deployment of web application directory [/opt/teamcity/webapps/ROOT] has finished in [21,672] ms
29-Jan-2025 13:54:48.487 INFO [main] org.apache.coyote.AbstractProtocol.start Starting ProtocolHandler ["http-nio-8111"]
29-Jan-2025 13:54:48.795 INFO [main] org.apache.catalina.startup.Catalina.start Server startup in [22112] milliseconds
29-Jan-2025 14:00:30.340 INFO [main] org.apache.catalina.core.StandardServer.await A valid shutdown command was received via the shutdown port. Stopping the Server instance.
29-Jan-2025 14:00:30.342 INFO [main] org.apache.coyote.AbstractProtocol.pause Pausing ProtocolHandler ["http-nio-8111"]
29-Jan-2025 14:00:30.344 INFO [main] org.apache.catalina.core.StandardService.stopInternal Stopping service [Catalina]
29-Jan-2025 14:09:10.792 INFO [main] org.apache.catalina.startup.VersionLoggerListener.log Server version name:   Apache Tomcat/9.0.98
29-Jan-2025 14:09:10.802 INFO [main] org.apache.catalina.startup.VersionLoggerListener.log Server built:          Dec 5 2024 19:50:29 UTC
29-Jan-2025 14:09:10.802 INFO [main] org.apache.catalina.startup.VersionLoggerListener.log Server version number: 9.0.98.0
29-Jan-2025 14:09:10.802 INFO [main] org.apache.catalina.startup.VersionLoggerListener.log OS Name:               Linux
29-Jan-2025 14:09:10.803 INFO [main] org.apache.catalina.startup.VersionLoggerListener.log OS Version:            5.15.167.4-microsoft-standard-WSL2
29-Jan-2025 14:09:10.803 INFO [main] org.apache.catalina.startup.VersionLoggerListener.log Architecture:          amd64
29-Jan-2025 14:09:10.803 INFO [main] org.apache.catalina.startup.VersionLoggerListener.log Java Home:             /opt/java/openjdk
29-Jan-2025 14:09:10.803 INFO [main] org.apache.catalina.startup.VersionLoggerListener.log JVM Version:           17.0.7+7-LTS
29-Jan-2025 14:09:10.803 INFO [main] org.apache.catalina.startup.VersionLoggerListener.log JVM Vendor:            Amazon.com Inc.
29-Jan-2025 14:09:10.803 INFO [main] org.apache.catalina.startup.VersionLoggerListener.log CATALINA_BASE:         /opt/teamcity
29-Jan-2025 14:09:10.804 INFO [main] org.apache.catalina.startup.VersionLoggerListener.log CATALINA_HOME:         /opt/teamcity
29-Jan-2025 14:09:10.837 INFO [main] org.apache.catalina.startup.VersionLoggerListener.log Command line argument: --add-opens=jdk.management/com.sun.management.internal=ALL-UNNAMED
29-Jan-2025 14:09:10.838 INFO [main] org.apache.catalina.startup.VersionLoggerListener.log Command line argument: -XX:+IgnoreUnrecognizedVMOptions
29-Jan-2025 14:09:10.838 INFO [main] org.apache.catalina.startup.VersionLoggerListener.log Command line argument: -Djava.security.manager=allow
29-Jan-2025 14:09:10.839 INFO [main] org.apache.catalina.startup.VersionLoggerListener.log Command line argument: --add-opens=java.base/java.lang=ALL-UNNAMED
29-Jan-2025 14:09:10.839 INFO [main] org.apache.catalina.startup.VersionLoggerListener.log Command line argument: --add-opens=java.base/java.io=ALL-UNNAMED
29-Jan-2025 14:09:10.839 INFO [main] org.apache.catalina.startup.VersionLoggerListener.log Command line argument: --add-opens=java.base/java.util=ALL-UNNAMED
29-Jan-2025 14:09:10.839 INFO [main] org.apache.catalina.startup.VersionLoggerListener.log Command line argument: --add-opens=java.base/java.util.concurrent=ALL-UNNAMED
29-Jan-2025 14:09:10.840 INFO [main] org.apache.catalina.startup.VersionLoggerListener.log Command line argument: --add-opens=java.rmi/sun.rmi.transport=ALL-UNNAMED
29-Jan-2025 14:09:10.840 INFO [main] org.apache.catalina.startup.VersionLoggerListener.log Command line argument: -Djava.util.logging.config.file=/opt/teamcity/conf/logging.properties
29-Jan-2025 14:09:10.840 INFO [main] org.apache.catalina.startup.VersionLoggerListener.log Command line argument: -Djava.util.logging.manager=org.apache.juli.ClassLoaderLogManager
29-Jan-2025 14:09:10.840 INFO [main] org.apache.catalina.startup.VersionLoggerListener.log Command line argument: -Djdk.tls.ephemeralDHKeySize=2048
29-Jan-2025 14:09:10.841 INFO [main] org.apache.catalina.startup.VersionLoggerListener.log Command line argument: -Djava.protocol.handler.pkgs=org.apache.catalina.webresources
29-Jan-2025 14:09:10.842 INFO [main] org.apache.catalina.startup.VersionLoggerListener.log Command line argument: -Dorg.apache.catalina.security.SecurityListener.UMASK=0027
29-Jan-2025 14:09:10.842 INFO [main] org.apache.catalina.startup.VersionLoggerListener.log Command line argument: -Dteamcity.datasource.driver=com.mysql.cj.jdbc.Driver
29-Jan-2025 14:09:10.843 INFO [main] org.apache.catalina.startup.VersionLoggerListener.log Command line argument: -Dteamcity.datasource.url=jdbc:mysql://teamcity-mysql:3306/teamcity?useSSL=false
29-Jan-2025 14:09:10.843 INFO [main] org.apache.catalina.startup.VersionLoggerListener.log Command line argument: -Dteamcity.datasource.username=teamcity
29-Jan-2025 14:09:10.844 INFO [main] org.apache.catalina.startup.VersionLoggerListener.log Command line argument: -Dteamcity.datasource.password=teamcity
29-Jan-2025 14:09:10.844 INFO [main] org.apache.catalina.startup.VersionLoggerListener.log Command line argument: -Xmx2g
29-Jan-2025 14:09:10.844 INFO [main] org.apache.catalina.startup.VersionLoggerListener.log Command line argument: -XX:ReservedCodeCacheSize=350m
29-Jan-2025 14:09:10.845 INFO [main] org.apache.catalina.startup.VersionLoggerListener.log Command line argument: -Dteamcity.configuration.path=../conf/teamcity-startup.properties
29-Jan-2025 14:09:10.845 INFO [main] org.apache.catalina.startup.VersionLoggerListener.log Command line argument: -Dlog4j2.configurationFile=file:/opt/teamcity/bin/../conf/teamcity-server-log4j.xml
29-Jan-2025 14:09:10.845 INFO [main] org.apache.catalina.startup.VersionLoggerListener.log Command line argument: -Dteamcity_logs=/opt/teamcity/bin/../logs
29-Jan-2025 14:09:10.845 INFO [main] org.apache.catalina.startup.VersionLoggerListener.log Command line argument: -Djava.awt.headless=true
29-Jan-2025 14:09:10.846 INFO [main] org.apache.catalina.startup.VersionLoggerListener.log Command line argument: -Dignore.endorsed.dirs=
29-Jan-2025 14:09:10.846 INFO [main] org.apache.catalina.startup.VersionLoggerListener.log Command line argument: -Dcatalina.base=/opt/teamcity
29-Jan-2025 14:09:10.847 INFO [main] org.apache.catalina.startup.VersionLoggerListener.log Command line argument: -Dcatalina.home=/opt/teamcity
29-Jan-2025 14:09:10.847 INFO [main] org.apache.catalina.startup.VersionLoggerListener.log Command line argument: -Djava.io.tmpdir=/opt/teamcity/temp
29-Jan-2025 14:09:10.849 INFO [main] org.apache.catalina.core.AprLifecycleListener.lifecycleEvent The Apache Tomcat Native library which allows using OpenSSL was not found on the java.library.path: [/usr/java/packages/lib:/usr/lib64:/lib64:/lib:/usr/lib]
29-Jan-2025 14:09:11.416 INFO [main] org.apache.coyote.AbstractProtocol.init Initializing ProtocolHandler ["http-nio-8111"]
29-Jan-2025 14:09:11.496 INFO [main] org.apache.catalina.startup.Catalina.load Server initialization in [1215] milliseconds
29-Jan-2025 14:09:11.643 INFO [main] org.apache.catalina.core.StandardService.startInternal Starting service [Catalina]
29-Jan-2025 14:09:11.644 INFO [main] org.apache.catalina.core.StandardEngine.startInternal Starting Servlet engine: [Apache Tomcat/9.0.98]
29-Jan-2025 14:09:11.660 INFO [main] org.apache.catalina.startup.HostConfig.deployDirectory Deploying web application directory [/opt/teamcity/webapps/ROOT]
29-Jan-2025 14:09:25.005 INFO [main] org.apache.catalina.startup.HostConfig.deployDirectory Deployment of web application directory [/opt/teamcity/webapps/ROOT] has finished in [13,345] ms
29-Jan-2025 14:09:25.036 INFO [main] org.apache.coyote.AbstractProtocol.start Starting ProtocolHandler ["http-nio-8111"]
29-Jan-2025 14:09:25.125 INFO [main] org.apache.catalina.startup.Catalina.start Server startup in [13627] milliseconds
29-Jan-2025 14:12:08.085 INFO [main] org.apache.catalina.core.StandardServer.await A valid shutdown command was received via the shutdown port. Stopping the Server instance.
29-Jan-2025 14:12:08.088 INFO [main] org.apache.coyote.AbstractProtocol.pause Pausing ProtocolHandler ["http-nio-8111"]
29-Jan-2025 14:12:08.096 INFO [main] org.apache.catalina.core.StandardService.stopInternal Stopping service [Catalina]
29-Jan-2025 14:15:08.895 INFO [main] org.apache.catalina.startup.VersionLoggerListener.log Server version name:   Apache Tomcat/9.0.98
29-Jan-2025 14:15:08.902 INFO [main] org.apache.catalina.startup.VersionLoggerListener.log Server built:          Dec 5 2024 19:50:29 UTC
29-Jan-2025 14:15:08.903 INFO [main] org.apache.catalina.startup.VersionLoggerListener.log Server version number: 9.0.98.0
29-Jan-2025 14:15:08.903 INFO [main] org.apache.catalina.startup.VersionLoggerListener.log OS Name:               Linux
29-Jan-2025 14:15:08.903 INFO [main] org.apache.catalina.startup.VersionLoggerListener.log OS Version:            5.15.167.4-microsoft-standard-WSL2
29-Jan-2025 14:15:08.905 INFO [main] org.apache.catalina.startup.VersionLoggerListener.log Architecture:          amd64
29-Jan-2025 14:15:08.906 INFO [main] org.apache.catalina.startup.VersionLoggerListener.log Java Home:             /opt/java/openjdk
29-Jan-2025 14:15:08.906 INFO [main] org.apache.catalina.startup.VersionLoggerListener.log JVM Version:           17.0.7+7-LTS
29-Jan-2025 14:15:08.907 INFO [main] org.apache.catalina.startup.VersionLoggerListener.log JVM Vendor:            Amazon.com Inc.
29-Jan-2025 14:15:08.907 INFO [main] org.apache.catalina.startup.VersionLoggerListener.log CATALINA_BASE:         /opt/teamcity
29-Jan-2025 14:15:08.907 INFO [main] org.apache.catalina.startup.VersionLoggerListener.log CATALINA_HOME:         /opt/teamcity
29-Jan-2025 14:15:08.935 INFO [main] org.apache.catalina.startup.VersionLoggerListener.log Command line argument: --add-opens=jdk.management/com.sun.management.internal=ALL-UNNAMED
29-Jan-2025 14:15:08.936 INFO [main] org.apache.catalina.startup.VersionLoggerListener.log Command line argument: -XX:+IgnoreUnrecognizedVMOptions
29-Jan-2025 14:15:08.936 INFO [main] org.apache.catalina.startup.VersionLoggerListener.log Command line argument: -Djava.security.manager=allow
29-Jan-2025 14:15:08.945 INFO [main] org.apache.catalina.startup.VersionLoggerListener.log Command line argument: --add-opens=java.base/java.lang=ALL-UNNAMED
29-Jan-2025 14:15:08.945 INFO [main] org.apache.catalina.startup.VersionLoggerListener.log Command line argument: --add-opens=java.base/java.io=ALL-UNNAMED
29-Jan-2025 14:15:08.945 INFO [main] org.apache.catalina.startup.VersionLoggerListener.log Command line argument: --add-opens=java.base/java.util=ALL-UNNAMED
29-Jan-2025 14:15:08.946 INFO [main] org.apache.catalina.startup.VersionLoggerListener.log Command line argument: --add-opens=java.base/java.util.concurrent=ALL-UNNAMED
29-Jan-2025 14:15:08.946 INFO [main] org.apache.catalina.startup.VersionLoggerListener.log Command line argument: --add-opens=java.rmi/sun.rmi.transport=ALL-UNNAMED
29-Jan-2025 14:15:08.946 INFO [main] org.apache.catalina.startup.VersionLoggerListener.log Command line argument: -Djava.util.logging.config.file=/opt/teamcity/conf/logging.properties
29-Jan-2025 14:15:08.946 INFO [main] org.apache.catalina.startup.VersionLoggerListener.log Command line argument: -Djava.util.logging.manager=org.apache.juli.ClassLoaderLogManager
29-Jan-2025 14:15:08.947 INFO [main] org.apache.catalina.startup.VersionLoggerListener.log Command line argument: -Djdk.tls.ephemeralDHKeySize=2048
29-Jan-2025 14:15:08.947 INFO [main] org.apache.catalina.startup.VersionLoggerListener.log Command line argument: -Djava.protocol.handler.pkgs=org.apache.catalina.webresources
29-Jan-2025 14:15:08.947 INFO [main] org.apache.catalina.startup.VersionLoggerListener.log Command line argument: -Dorg.apache.catalina.security.SecurityListener.UMASK=0027
29-Jan-2025 14:15:08.947 INFO [main] org.apache.catalina.startup.VersionLoggerListener.log Command line argument: -Dteamcity.datasource.driver=com.mysql.cj.jdbc.Driver
29-Jan-2025 14:15:08.948 INFO [main] org.apache.catalina.startup.VersionLoggerListener.log Command line argument: -Dteamcity.datasource.url=jdbc:mysql://teamcity-mysql:3306/teamcity?useSSL=false
29-Jan-2025 14:15:08.948 INFO [main] org.apache.catalina.startup.VersionLoggerListener.log Command line argument: -Dteamcity.datasource.username=teamcity
29-Jan-2025 14:15:08.948 INFO [main] org.apache.catalina.startup.VersionLoggerListener.log Command line argument: -Dteamcity.datasource.password=teamcity
29-Jan-2025 14:15:08.948 INFO [main] org.apache.catalina.startup.VersionLoggerListener.log Command line argument: -Xmx2g
29-Jan-2025 14:15:08.948 INFO [main] org.apache.catalina.startup.VersionLoggerListener.log Command line argument: -XX:ReservedCodeCacheSize=350m
29-Jan-2025 14:15:08.949 INFO [main] org.apache.catalina.startup.VersionLoggerListener.log Command line argument: -Dteamcity.configuration.path=../conf/teamcity-startup.properties
29-Jan-2025 14:15:08.949 INFO [main] org.apache.catalina.startup.VersionLoggerListener.log Command line argument: -Dlog4j2.configurationFile=file:/opt/teamcity/bin/../conf/teamcity-server-log4j.xml
29-Jan-2025 14:15:08.950 INFO [main] org.apache.catalina.startup.VersionLoggerListener.log Command line argument: -Dteamcity_logs=/opt/teamcity/bin/../logs
29-Jan-2025 14:15:08.950 INFO [main] org.apache.catalina.startup.VersionLoggerListener.log Command line argument: -Djava.awt.headless=true
29-Jan-2025 14:15:08.951 INFO [main] org.apache.catalina.startup.VersionLoggerListener.log Command line argument: -Dignore.endorsed.dirs=
29-Jan-2025 14:15:08.951 INFO [main] org.apache.catalina.startup.VersionLoggerListener.log Command line argument: -Dcatalina.base=/opt/teamcity
29-Jan-2025 14:15:08.951 INFO [main] org.apache.catalina.startup.VersionLoggerListener.log Command line argument: -Dcatalina.home=/opt/teamcity
29-Jan-2025 14:15:08.951 INFO [main] org.apache.catalina.startup.VersionLoggerListener.log Command line argument: -Djava.io.tmpdir=/opt/teamcity/temp
29-Jan-2025 14:15:08.956 INFO [main] org.apache.catalina.core.AprLifecycleListener.lifecycleEvent The Apache Tomcat Native library which allows using OpenSSL was not found on the java.library.path: [/usr/java/packages/lib:/usr/lib64:/lib64:/lib:/usr/lib]
29-Jan-2025 14:15:09.543 INFO [main] org.apache.coyote.AbstractProtocol.init Initializing ProtocolHandler ["http-nio-8111"]
29-Jan-2025 14:15:09.618 INFO [main] org.apache.catalina.startup.Catalina.load Server initialization in [1097] milliseconds
29-Jan-2025 14:15:09.737 INFO [main] org.apache.catalina.core.StandardService.startInternal Starting service [Catalina]
29-Jan-2025 14:15:09.737 INFO [main] org.apache.catalina.core.StandardEngine.startInternal Starting Servlet engine: [Apache Tomcat/9.0.98]
29-Jan-2025 14:15:09.763 INFO [main] org.apache.catalina.startup.HostConfig.deployDirectory Deploying web application directory [/opt/teamcity/webapps/ROOT]
29-Jan-2025 14:15:23.812 INFO [main] org.apache.catalina.startup.HostConfig.deployDirectory Deployment of web application directory [/opt/teamcity/webapps/ROOT] has finished in [14,049] ms
29-Jan-2025 14:15:23.869 INFO [main] org.apache.coyote.AbstractProtocol.start Starting ProtocolHandler ["http-nio-8111"]
29-Jan-2025 14:15:24.078 INFO [main] org.apache.catalina.startup.Catalina.start Server startup in [14458] milliseconds
29-Jan-2025 14:18:19.856 INFO [main] org.apache.catalina.core.StandardServer.await A valid shutdown command was received via the shutdown port. Stopping the Server instance.
29-Jan-2025 14:18:19.857 INFO [main] org.apache.coyote.AbstractProtocol.pause Pausing ProtocolHandler ["http-nio-8111"]
29-Jan-2025 14:18:19.863 INFO [main] org.apache.catalina.core.StandardService.stopInternal Stopping service [Catalina]
29-Jan-2025 14:20:14.733 INFO [main] org.apache.catalina.startup.VersionLoggerListener.log Server version name:   Apache Tomcat/9.0.98
29-Jan-2025 14:20:14.749 INFO [main] org.apache.catalina.startup.VersionLoggerListener.log Server built:          Dec 5 2024 19:50:29 UTC
29-Jan-2025 14:20:14.750 INFO [main] org.apache.catalina.startup.VersionLoggerListener.log Server version number: 9.0.98.0
29-Jan-2025 14:20:14.750 INFO [main] org.apache.catalina.startup.VersionLoggerListener.log OS Name:               Linux
29-Jan-2025 14:20:14.750 INFO [main] org.apache.catalina.startup.VersionLoggerListener.log OS Version:            5.15.167.4-microsoft-standard-WSL2
29-Jan-2025 14:20:14.751 INFO [main] org.apache.catalina.startup.VersionLoggerListener.log Architecture:          amd64
29-Jan-2025 14:20:14.751 INFO [main] org.apache.catalina.startup.VersionLoggerListener.log Java Home:             /opt/java/openjdk
29-Jan-2025 14:20:14.751 INFO [main] org.apache.catalina.startup.VersionLoggerListener.log JVM Version:           17.0.7+7-LTS
29-Jan-2025 14:20:14.751 INFO [main] org.apache.catalina.startup.VersionLoggerListener.log JVM Vendor:            Amazon.com Inc.
29-Jan-2025 14:20:14.752 INFO [main] org.apache.catalina.startup.VersionLoggerListener.log CATALINA_BASE:         /opt/teamcity
29-Jan-2025 14:20:14.752 INFO [main] org.apache.catalina.startup.VersionLoggerListener.log CATALINA_HOME:         /opt/teamcity
29-Jan-2025 14:20:14.793 INFO [main] org.apache.catalina.startup.VersionLoggerListener.log Command line argument: --add-opens=jdk.management/com.sun.management.internal=ALL-UNNAMED
29-Jan-2025 14:20:14.794 INFO [main] org.apache.catalina.startup.VersionLoggerListener.log Command line argument: -XX:+IgnoreUnrecognizedVMOptions
29-Jan-2025 14:20:14.794 INFO [main] org.apache.catalina.startup.VersionLoggerListener.log Command line argument: -Djava.security.manager=allow
29-Jan-2025 14:20:14.795 INFO [main] org.apache.catalina.startup.VersionLoggerListener.log Command line argument: --add-opens=java.base/java.lang=ALL-UNNAMED
29-Jan-2025 14:20:14.796 INFO [main] org.apache.catalina.startup.VersionLoggerListener.log Command line argument: --add-opens=java.base/java.io=ALL-UNNAMED
29-Jan-2025 14:20:14.796 INFO [main] org.apache.catalina.startup.VersionLoggerListener.log Command line argument: --add-opens=java.base/java.util=ALL-UNNAMED
29-Jan-2025 14:20:14.797 INFO [main] org.apache.catalina.startup.VersionLoggerListener.log Command line argument: --add-opens=java.base/java.util.concurrent=ALL-UNNAMED
29-Jan-2025 14:20:14.798 INFO [main] org.apache.catalina.startup.VersionLoggerListener.log Command line argument: --add-opens=java.rmi/sun.rmi.transport=ALL-UNNAMED
29-Jan-2025 14:20:14.799 INFO [main] org.apache.catalina.startup.VersionLoggerListener.log Command line argument: -Djava.util.logging.config.file=/opt/teamcity/conf/logging.properties
29-Jan-2025 14:20:14.800 INFO [main] org.apache.catalina.startup.VersionLoggerListener.log Command line argument: -Djava.util.logging.manager=org.apache.juli.ClassLoaderLogManager
29-Jan-2025 14:20:14.800 INFO [main] org.apache.catalina.startup.VersionLoggerListener.log Command line argument: -Djdk.tls.ephemeralDHKeySize=2048
29-Jan-2025 14:20:14.801 INFO [main] org.apache.catalina.startup.VersionLoggerListener.log Command line argument: -Djava.protocol.handler.pkgs=org.apache.catalina.webresources
29-Jan-2025 14:20:14.803 INFO [main] org.apache.catalina.startup.VersionLoggerListener.log Command line argument: -Dorg.apache.catalina.security.SecurityListener.UMASK=0027
29-Jan-2025 14:20:14.804 INFO [main] org.apache.catalina.startup.VersionLoggerListener.log Command line argument: -Dteamcity.datasource.driver=com.mysql.cj.jdbc.Driver
29-Jan-2025 14:20:14.804 INFO [main] org.apache.catalina.startup.VersionLoggerListener.log Command line argument: -Dteamcity.datasource.url=jdbc:mysql://teamcity-mysql:3306/teamcity?useSSL=false
29-Jan-2025 14:20:14.806 INFO [main] org.apache.catalina.startup.VersionLoggerListener.log Command line argument: -Dteamcity.datasource.username=teamcity
29-Jan-2025 14:20:14.807 INFO [main] org.apache.catalina.startup.VersionLoggerListener.log Command line argument: -Dteamcity.datasource.password=teamcity
29-Jan-2025 14:20:14.807 INFO [main] org.apache.catalina.startup.VersionLoggerListener.log Command line argument: -Xmx2g
29-Jan-2025 14:20:14.808 INFO [main] org.apache.catalina.startup.VersionLoggerListener.log Command line argument: -XX:ReservedCodeCacheSize=350m
29-Jan-2025 14:20:14.809 INFO [main] org.apache.catalina.startup.VersionLoggerListener.log Command line argument: -Dteamcity.configuration.path=../conf/teamcity-startup.properties
29-Jan-2025 14:20:14.809 INFO [main] org.apache.catalina.startup.VersionLoggerListener.log Command line argument: -Dlog4j2.configurationFile=file:/opt/teamcity/bin/../conf/teamcity-server-log4j.xml
29-Jan-2025 14:20:14.810 INFO [main] org.apache.catalina.startup.VersionLoggerListener.log Command line argument: -Dteamcity_logs=/opt/teamcity/bin/../logs
29-Jan-2025 14:20:14.811 INFO [main] org.apache.catalina.startup.VersionLoggerListener.log Command line argument: -Djava.awt.headless=true
29-Jan-2025 14:20:14.812 INFO [main] org.apache.catalina.startup.VersionLoggerListener.log Command line argument: -Dignore.endorsed.dirs=
29-Jan-2025 14:20:14.813 INFO [main] org.apache.catalina.startup.VersionLoggerListener.log Command line argument: -Dcatalina.base=/opt/teamcity
29-Jan-2025 14:20:14.814 INFO [main] org.apache.catalina.startup.VersionLoggerListener.log Command line argument: -Dcatalina.home=/opt/teamcity
29-Jan-2025 14:20:14.814 INFO [main] org.apache.catalina.startup.VersionLoggerListener.log Command line argument: -Djava.io.tmpdir=/opt/teamcity/temp
29-Jan-2025 14:20:14.822 INFO [main] org.apache.catalina.core.AprLifecycleListener.lifecycleEvent The Apache Tomcat Native library which allows using OpenSSL was not found on the java.library.path: [/usr/java/packages/lib:/usr/lib64:/lib64:/lib:/usr/lib]
29-Jan-2025 14:20:15.451 INFO [main] org.apache.coyote.AbstractProtocol.init Initializing ProtocolHandler ["http-nio-8111"]
29-Jan-2025 14:20:15.498 INFO [main] org.apache.catalina.startup.Catalina.load Server initialization in [1134] milliseconds
29-Jan-2025 14:20:15.573 INFO [main] org.apache.catalina.core.StandardService.startInternal Starting service [Catalina]
29-Jan-2025 14:20:15.574 INFO [main] org.apache.catalina.core.StandardEngine.startInternal Starting Servlet engine: [Apache Tomcat/9.0.98]
29-Jan-2025 14:20:15.583 INFO [main] org.apache.catalina.startup.HostConfig.deployDirectory Deploying web application directory [/opt/teamcity/webapps/ROOT]
29-Jan-2025 14:20:27.048 INFO [main] org.apache.catalina.startup.HostConfig.deployDirectory Deployment of web application directory [/opt/teamcity/webapps/ROOT] has finished in [11,464] ms
29-Jan-2025 14:20:27.075 INFO [main] org.apache.coyote.AbstractProtocol.start Starting ProtocolHandler ["http-nio-8111"]
29-Jan-2025 14:20:27.237 INFO [main] org.apache.catalina.startup.Catalina.start Server startup in [11738] milliseconds
29-Jan-2025 14:21:26.089 INFO [main] org.apache.catalina.startup.VersionLoggerListener.log Server version name:   Apache Tomcat/9.0.98
29-Jan-2025 14:21:26.107 INFO [main] org.apache.catalina.startup.VersionLoggerListener.log Server built:          Dec 5 2024 19:50:29 UTC
29-Jan-2025 14:21:26.108 INFO [main] org.apache.catalina.startup.VersionLoggerListener.log Server version number: 9.0.98.0
29-Jan-2025 14:21:26.108 INFO [main] org.apache.catalina.startup.VersionLoggerListener.log OS Name:               Linux
29-Jan-2025 14:21:26.108 INFO [main] org.apache.catalina.startup.VersionLoggerListener.log OS Version:            5.15.167.4-microsoft-standard-WSL2
29-Jan-2025 14:21:26.108 INFO [main] org.apache.catalina.startup.VersionLoggerListener.log Architecture:          amd64
29-Jan-2025 14:21:26.109 INFO [main] org.apache.catalina.startup.VersionLoggerListener.log Java Home:             /opt/java/openjdk
29-Jan-2025 14:21:26.109 INFO [main] org.apache.catalina.startup.VersionLoggerListener.log JVM Version:           17.0.7+7-LTS
29-Jan-2025 14:21:26.109 INFO [main] org.apache.catalina.startup.VersionLoggerListener.log JVM Vendor:            Amazon.com Inc.
29-Jan-2025 14:21:26.109 INFO [main] org.apache.catalina.startup.VersionLoggerListener.log CATALINA_BASE:         /opt/teamcity
29-Jan-2025 14:21:26.109 INFO [main] org.apache.catalina.startup.VersionLoggerListener.log CATALINA_HOME:         /opt/teamcity
29-Jan-2025 14:21:26.133 INFO [main] org.apache.catalina.startup.VersionLoggerListener.log Command line argument: --add-opens=jdk.management/com.sun.management.internal=ALL-UNNAMED
29-Jan-2025 14:21:26.134 INFO [main] org.apache.catalina.startup.VersionLoggerListener.log Command line argument: -XX:+IgnoreUnrecognizedVMOptions
29-Jan-2025 14:21:26.134 INFO [main] org.apache.catalina.startup.VersionLoggerListener.log Command line argument: -Djava.security.manager=allow
29-Jan-2025 14:21:26.135 INFO [main] org.apache.catalina.startup.VersionLoggerListener.log Command line argument: --add-opens=java.base/java.lang=ALL-UNNAMED
29-Jan-2025 14:21:26.135 INFO [main] org.apache.catalina.startup.VersionLoggerListener.log Command line argument: --add-opens=java.base/java.io=ALL-UNNAMED
29-Jan-2025 14:21:26.135 INFO [main] org.apache.catalina.startup.VersionLoggerListener.log Command line argument: --add-opens=java.base/java.util=ALL-UNNAMED
29-Jan-2025 14:21:26.135 INFO [main] org.apache.catalina.startup.VersionLoggerListener.log Command line argument: --add-opens=java.base/java.util.concurrent=ALL-UNNAMED
29-Jan-2025 14:21:26.135 INFO [main] org.apache.catalina.startup.VersionLoggerListener.log Command line argument: --add-opens=java.rmi/sun.rmi.transport=ALL-UNNAMED
29-Jan-2025 14:21:26.135 INFO [main] org.apache.catalina.startup.VersionLoggerListener.log Command line argument: -Djava.util.logging.config.file=/opt/teamcity/conf/logging.properties
29-Jan-2025 14:21:26.135 INFO [main] org.apache.catalina.startup.VersionLoggerListener.log Command line argument: -Djava.util.logging.manager=org.apache.juli.ClassLoaderLogManager
29-Jan-2025 14:21:26.138 INFO [main] org.apache.catalina.startup.VersionLoggerListener.log Command line argument: -Djdk.tls.ephemeralDHKeySize=2048
29-Jan-2025 14:21:26.138 INFO [main] org.apache.catalina.startup.VersionLoggerListener.log Command line argument: -Djava.protocol.handler.pkgs=org.apache.catalina.webresources
29-Jan-2025 14:21:26.138 INFO [main] org.apache.catalina.startup.VersionLoggerListener.log Command line argument: -Dorg.apache.catalina.security.SecurityListener.UMASK=0027
29-Jan-2025 14:21:26.139 INFO [main] org.apache.catalina.startup.VersionLoggerListener.log Command line argument: -Dteamcity.datasource.driver=com.mysql.cj.jdbc.Driver
29-Jan-2025 14:21:26.139 INFO [main] org.apache.catalina.startup.VersionLoggerListener.log Command line argument: -Dteamcity.datasource.url=jdbc:mysql://teamcity-mysql:3306/teamcity?useSSL=false
29-Jan-2025 14:21:26.140 INFO [main] org.apache.catalina.startup.VersionLoggerListener.log Command line argument: -Dteamcity.datasource.username=teamcity
29-Jan-2025 14:21:26.140 INFO [main] org.apache.catalina.startup.VersionLoggerListener.log Command line argument: -Dteamcity.datasource.password=teamcity
29-Jan-2025 14:21:26.141 INFO [main] org.apache.catalina.startup.VersionLoggerListener.log Command line argument: -Xmx2g
29-Jan-2025 14:21:26.141 INFO [main] org.apache.catalina.startup.VersionLoggerListener.log Command line argument: -XX:ReservedCodeCacheSize=350m
29-Jan-2025 14:21:26.141 INFO [main] org.apache.catalina.startup.VersionLoggerListener.log Command line argument: -Dteamcity.configuration.path=../conf/teamcity-startup.properties
29-Jan-2025 14:21:26.144 INFO [main] org.apache.catalina.startup.VersionLoggerListener.log Command line argument: -Dlog4j2.configurationFile=file:/opt/teamcity/bin/../conf/teamcity-server-log4j.xml
29-Jan-2025 14:21:26.145 INFO [main] org.apache.catalina.startup.VersionLoggerListener.log Command line argument: -Dteamcity_logs=/opt/teamcity/bin/../logs
29-Jan-2025 14:21:26.146 INFO [main] org.apache.catalina.startup.VersionLoggerListener.log Command line argument: -Djava.awt.headless=true
29-Jan-2025 14:21:26.146 INFO [main] org.apache.catalina.startup.VersionLoggerListener.log Command line argument: -Dignore.endorsed.dirs=
29-Jan-2025 14:21:26.146 INFO [main] org.apache.catalina.startup.VersionLoggerListener.log Command line argument: -Dcatalina.base=/opt/teamcity
29-Jan-2025 14:21:26.147 INFO [main] org.apache.catalina.startup.VersionLoggerListener.log Command line argument: -Dcatalina.home=/opt/teamcity
29-Jan-2025 14:21:26.150 INFO [main] org.apache.catalina.startup.VersionLoggerListener.log Command line argument: -Djava.io.tmpdir=/opt/teamcity/temp
29-Jan-2025 14:21:26.155 INFO [main] org.apache.catalina.core.AprLifecycleListener.lifecycleEvent The Apache Tomcat Native library which allows using OpenSSL was not found on the java.library.path: [/usr/java/packages/lib:/usr/lib64:/lib64:/lib:/usr/lib]
29-Jan-2025 14:21:26.770 INFO [main] org.apache.coyote.AbstractProtocol.init Initializing ProtocolHandler ["http-nio-8111"]
29-Jan-2025 14:21:26.803 INFO [main] org.apache.catalina.startup.Catalina.load Server initialization in [1105] milliseconds
29-Jan-2025 14:21:26.938 INFO [main] org.apache.catalina.core.StandardService.startInternal Starting service [Catalina]
29-Jan-2025 14:21:26.942 INFO [main] org.apache.catalina.core.StandardEngine.startInternal Starting Servlet engine: [Apache Tomcat/9.0.98]
29-Jan-2025 14:21:26.971 INFO [main] org.apache.catalina.startup.HostConfig.deployDirectory Deploying web application directory [/opt/teamcity/webapps/ROOT]
29-Jan-2025 14:21:38.015 INFO [main] org.apache.catalina.startup.HostConfig.deployDirectory Deployment of web application directory [/opt/teamcity/webapps/ROOT] has finished in [11,043] ms
29-Jan-2025 14:21:38.052 INFO [main] org.apache.coyote.AbstractProtocol.start Starting ProtocolHandler ["http-nio-8111"]
29-Jan-2025 14:21:38.104 INFO [main] org.apache.catalina.startup.Catalina.start Server startup in [11301] milliseconds
29-Jan-2025 14:25:34.028 INFO [main] org.apache.catalina.core.StandardServer.await A valid shutdown command was received via the shutdown port. Stopping the Server instance.
29-Jan-2025 14:25:34.029 INFO [main] org.apache.coyote.AbstractProtocol.pause Pausing ProtocolHandler ["http-nio-8111"]
29-Jan-2025 14:25:34.031 INFO [main] org.apache.catalina.core.StandardService.stopInternal Stopping service [Catalina]
29-Jan-2025 14:28:14.945 INFO [main] org.apache.catalina.startup.VersionLoggerListener.log Server version name:   Apache Tomcat/9.0.98
29-Jan-2025 14:28:14.954 INFO [main] org.apache.catalina.startup.VersionLoggerListener.log Server built:          Dec 5 2024 19:50:29 UTC
29-Jan-2025 14:28:14.955 INFO [main] org.apache.catalina.startup.VersionLoggerListener.log Server version number: 9.0.98.0
29-Jan-2025 14:28:14.956 INFO [main] org.apache.catalina.startup.VersionLoggerListener.log OS Name:               Linux
29-Jan-2025 14:28:14.957 INFO [main] org.apache.catalina.startup.VersionLoggerListener.log OS Version:            5.15.167.4-microsoft-standard-WSL2
29-Jan-2025 14:28:14.957 INFO [main] org.apache.catalina.startup.VersionLoggerListener.log Architecture:          amd64
29-Jan-2025 14:28:14.958 INFO [main] org.apache.catalina.startup.VersionLoggerListener.log Java Home:             /opt/java/openjdk
29-Jan-2025 14:28:14.958 INFO [main] org.apache.catalina.startup.VersionLoggerListener.log JVM Version:           17.0.7+7-LTS
29-Jan-2025 14:28:14.958 INFO [main] org.apache.catalina.startup.VersionLoggerListener.log JVM Vendor:            Amazon.com Inc.
29-Jan-2025 14:28:14.959 INFO [main] org.apache.catalina.startup.VersionLoggerListener.log CATALINA_BASE:         /opt/teamcity
29-Jan-2025 14:28:14.959 INFO [main] org.apache.catalina.startup.VersionLoggerListener.log CATALINA_HOME:         /opt/teamcity
29-Jan-2025 14:28:14.998 INFO [main] org.apache.catalina.startup.VersionLoggerListener.log Command line argument: --add-opens=jdk.management/com.sun.management.internal=ALL-UNNAMED
29-Jan-2025 14:28:14.999 INFO [main] org.apache.catalina.startup.VersionLoggerListener.log Command line argument: -XX:+IgnoreUnrecognizedVMOptions
29-Jan-2025 14:28:15.001 INFO [main] org.apache.catalina.startup.VersionLoggerListener.log Command line argument: -Djava.security.manager=allow
29-Jan-2025 14:28:15.001 INFO [main] org.apache.catalina.startup.VersionLoggerListener.log Command line argument: --add-opens=java.base/java.lang=ALL-UNNAMED
29-Jan-2025 14:28:15.002 INFO [main] org.apache.catalina.startup.VersionLoggerListener.log Command line argument: --add-opens=java.base/java.io=ALL-UNNAMED
29-Jan-2025 14:28:15.002 INFO [main] org.apache.catalina.startup.VersionLoggerListener.log Command line argument: --add-opens=java.base/java.util=ALL-UNNAMED
29-Jan-2025 14:28:15.002 INFO [main] org.apache.catalina.startup.VersionLoggerListener.log Command line argument: --add-opens=java.base/java.util.concurrent=ALL-UNNAMED
29-Jan-2025 14:28:15.003 INFO [main] org.apache.catalina.startup.VersionLoggerListener.log Command line argument: --add-opens=java.rmi/sun.rmi.transport=ALL-UNNAMED
29-Jan-2025 14:28:15.003 INFO [main] org.apache.catalina.startup.VersionLoggerListener.log Command line argument: -Djava.util.logging.config.file=/opt/teamcity/conf/logging.properties
29-Jan-2025 14:28:15.003 INFO [main] org.apache.catalina.startup.VersionLoggerListener.log Command line argument: -Djava.util.logging.manager=org.apache.juli.ClassLoaderLogManager
29-Jan-2025 14:28:15.003 INFO [main] org.apache.catalina.startup.VersionLoggerListener.log Command line argument: -Djdk.tls.ephemeralDHKeySize=2048
29-Jan-2025 14:28:15.004 INFO [main] org.apache.catalina.startup.VersionLoggerListener.log Command line argument: -Djava.protocol.handler.pkgs=org.apache.catalina.webresources
29-Jan-2025 14:28:15.004 INFO [main] org.apache.catalina.startup.VersionLoggerListener.log Command line argument: -Dorg.apache.catalina.security.SecurityListener.UMASK=0027
29-Jan-2025 14:28:15.005 INFO [main] org.apache.catalina.startup.VersionLoggerListener.log Command line argument: -Dteamcity.datasource.driver=com.mysql.cj.jdbc.Driver
29-Jan-2025 14:28:15.005 INFO [main] org.apache.catalina.startup.VersionLoggerListener.log Command line argument: -Dteamcity.datasource.url=jdbc:mysql://teamcity-mysql:3306/teamcity?useSSL=false
29-Jan-2025 14:28:15.005 INFO [main] org.apache.catalina.startup.VersionLoggerListener.log Command line argument: -Dteamcity.datasource.username=teamcity
29-Jan-2025 14:28:15.005 INFO [main] org.apache.catalina.startup.VersionLoggerListener.log Command line argument: -Dteamcity.datasource.password=teamcity
29-Jan-2025 14:28:15.006 INFO [main] org.apache.catalina.startup.VersionLoggerListener.log Command line argument: -Xmx2g
29-Jan-2025 14:28:15.006 INFO [main] org.apache.catalina.startup.VersionLoggerListener.log Command line argument: -XX:ReservedCodeCacheSize=350m
29-Jan-2025 14:28:15.006 INFO [main] org.apache.catalina.startup.VersionLoggerListener.log Command line argument: -Dteamcity.configuration.path=../conf/teamcity-startup.properties
29-Jan-2025 14:28:15.006 INFO [main] org.apache.catalina.startup.VersionLoggerListener.log Command line argument: -Dlog4j2.configurationFile=file:/opt/teamcity/bin/../conf/teamcity-server-log4j.xml
29-Jan-2025 14:28:15.007 INFO [main] org.apache.catalina.startup.VersionLoggerListener.log Command line argument: -Dteamcity_logs=/opt/teamcity/bin/../logs
29-Jan-2025 14:28:15.012 INFO [main] org.apache.catalina.startup.VersionLoggerListener.log Command line argument: -Djava.awt.headless=true
29-Jan-2025 14:28:15.014 INFO [main] org.apache.catalina.startup.VersionLoggerListener.log Command line argument: -Dignore.endorsed.dirs=
29-Jan-2025 14:28:15.017 INFO [main] org.apache.catalina.startup.VersionLoggerListener.log Command line argument: -Dcatalina.base=/opt/teamcity
29-Jan-2025 14:28:15.018 INFO [main] org.apache.catalina.startup.VersionLoggerListener.log Command line argument: -Dcatalina.home=/opt/teamcity
29-Jan-2025 14:28:15.018 INFO [main] org.apache.catalina.startup.VersionLoggerListener.log Command line argument: -Djava.io.tmpdir=/opt/teamcity/temp
29-Jan-2025 14:28:15.026 INFO [main] org.apache.catalina.core.AprLifecycleListener.lifecycleEvent The Apache Tomcat Native library which allows using OpenSSL was not found on the java.library.path: [/usr/java/packages/lib:/usr/lib64:/lib64:/lib:/usr/lib]
29-Jan-2025 14:28:15.619 INFO [main] org.apache.coyote.AbstractProtocol.init Initializing ProtocolHandler ["http-nio-8111"]
29-Jan-2025 14:28:15.654 INFO [main] org.apache.catalina.startup.Catalina.load Server initialization in [1091] milliseconds
29-Jan-2025 14:28:15.722 INFO [main] org.apache.catalina.core.StandardService.startInternal Starting service [Catalina]
29-Jan-2025 14:28:15.723 INFO [main] org.apache.catalina.core.StandardEngine.startInternal Starting Servlet engine: [Apache Tomcat/9.0.98]
29-Jan-2025 14:28:15.733 INFO [main] org.apache.catalina.startup.HostConfig.deployDirectory Deploying web application directory [/opt/teamcity/webapps/ROOT]
29-Jan-2025 14:28:28.494 INFO [main] org.apache.catalina.startup.HostConfig.deployDirectory Deployment of web application directory [/opt/teamcity/webapps/ROOT] has finished in [12,760] ms
29-Jan-2025 14:28:28.542 INFO [main] org.apache.coyote.AbstractProtocol.start Starting ProtocolHandler ["http-nio-8111"]
29-Jan-2025 14:28:28.610 INFO [main] org.apache.catalina.startup.Catalina.start Server startup in [12955] milliseconds
29-Jan-2025 14:30:56.569 INFO [main] org.apache.catalina.core.StandardServer.await A valid shutdown command was received via the shutdown port. Stopping the Server instance.
29-Jan-2025 14:30:56.570 INFO [main] org.apache.coyote.AbstractProtocol.pause Pausing ProtocolHandler ["http-nio-8111"]
29-Jan-2025 14:30:56.573 INFO [main] org.apache.catalina.core.StandardService.stopInternal Stopping service [Catalina]
29-Jan-2025 14:35:54.875 INFO [main] org.apache.catalina.startup.VersionLoggerListener.log Server version name:   Apache Tomcat/9.0.98
29-Jan-2025 14:35:54.895 INFO [main] org.apache.catalina.startup.VersionLoggerListener.log Server built:          Dec 5 2024 19:50:29 UTC
29-Jan-2025 14:35:54.895 INFO [main] org.apache.catalina.startup.VersionLoggerListener.log Server version number: 9.0.98.0
29-Jan-2025 14:35:54.895 INFO [main] org.apache.catalina.startup.VersionLoggerListener.log OS Name:               Linux
29-Jan-2025 14:35:54.896 INFO [main] org.apache.catalina.startup.VersionLoggerListener.log OS Version:            5.15.167.4-microsoft-standard-WSL2
29-Jan-2025 14:35:54.896 INFO [main] org.apache.catalina.startup.VersionLoggerListener.log Architecture:          amd64
29-Jan-2025 14:35:54.896 INFO [main] org.apache.catalina.startup.VersionLoggerListener.log Java Home:             /opt/java/openjdk
29-Jan-2025 14:35:54.897 INFO [main] org.apache.catalina.startup.VersionLoggerListener.log JVM Version:           17.0.7+7-LTS
29-Jan-2025 14:35:54.897 INFO [main] org.apache.catalina.startup.VersionLoggerListener.log JVM Vendor:            Amazon.com Inc.
29-Jan-2025 14:35:54.897 INFO [main] org.apache.catalina.startup.VersionLoggerListener.log CATALINA_BASE:         /opt/teamcity
29-Jan-2025 14:35:54.898 INFO [main] org.apache.catalina.startup.VersionLoggerListener.log CATALINA_HOME:         /opt/teamcity
29-Jan-2025 14:35:54.914 INFO [main] org.apache.catalina.startup.VersionLoggerListener.log Command line argument: --add-opens=jdk.management/com.sun.management.internal=ALL-UNNAMED
29-Jan-2025 14:35:54.915 INFO [main] org.apache.catalina.startup.VersionLoggerListener.log Command line argument: -XX:+IgnoreUnrecognizedVMOptions
29-Jan-2025 14:35:54.915 INFO [main] org.apache.catalina.startup.VersionLoggerListener.log Command line argument: -Djava.security.manager=allow
29-Jan-2025 14:35:54.915 INFO [main] org.apache.catalina.startup.VersionLoggerListener.log Command line argument: --add-opens=java.base/java.lang=ALL-UNNAMED
29-Jan-2025 14:35:54.915 INFO [main] org.apache.catalina.startup.VersionLoggerListener.log Command line argument: --add-opens=java.base/java.io=ALL-UNNAMED
29-Jan-2025 14:35:54.916 INFO [main] org.apache.catalina.startup.VersionLoggerListener.log Command line argument: --add-opens=java.base/java.util=ALL-UNNAMED
29-Jan-2025 14:35:54.916 INFO [main] org.apache.catalina.startup.VersionLoggerListener.log Command line argument: --add-opens=java.base/java.util.concurrent=ALL-UNNAMED
29-Jan-2025 14:35:54.916 INFO [main] org.apache.catalina.startup.VersionLoggerListener.log Command line argument: --add-opens=java.rmi/sun.rmi.transport=ALL-UNNAMED
29-Jan-2025 14:35:54.916 INFO [main] org.apache.catalina.startup.VersionLoggerListener.log Command line argument: -Djava.util.logging.config.file=/opt/teamcity/conf/logging.properties
29-Jan-2025 14:35:54.917 INFO [main] org.apache.catalina.startup.VersionLoggerListener.log Command line argument: -Djava.util.logging.manager=org.apache.juli.ClassLoaderLogManager
29-Jan-2025 14:35:54.917 INFO [main] org.apache.catalina.startup.VersionLoggerListener.log Command line argument: -Djdk.tls.ephemeralDHKeySize=2048
29-Jan-2025 14:35:54.917 INFO [main] org.apache.catalina.startup.VersionLoggerListener.log Command line argument: -Djava.protocol.handler.pkgs=org.apache.catalina.webresources
29-Jan-2025 14:35:54.917 INFO [main] org.apache.catalina.startup.VersionLoggerListener.log Command line argument: -Dorg.apache.catalina.security.SecurityListener.UMASK=0027
29-Jan-2025 14:35:54.918 INFO [main] org.apache.catalina.startup.VersionLoggerListener.log Command line argument: -Dteamcity.datasource.driver=com.mysql.cj.jdbc.Driver
29-Jan-2025 14:35:54.918 INFO [main] org.apache.catalina.startup.VersionLoggerListener.log Command line argument: -Dteamcity.datasource.url=jdbc:mysql://teamcity-mysql:3306/teamcity?useSSL=false
29-Jan-2025 14:35:54.918 INFO [main] org.apache.catalina.startup.VersionLoggerListener.log Command line argument: -Dteamcity.datasource.username=teamcity
29-Jan-2025 14:35:54.918 INFO [main] org.apache.catalina.startup.VersionLoggerListener.log Command line argument: -Dteamcity.datasource.password=teamcity
29-Jan-2025 14:35:54.919 INFO [main] org.apache.catalina.startup.VersionLoggerListener.log Command line argument: -Xmx2g
29-Jan-2025 14:35:54.919 INFO [main] org.apache.catalina.startup.VersionLoggerListener.log Command line argument: -XX:ReservedCodeCacheSize=350m
29-Jan-2025 14:35:54.919 INFO [main] org.apache.catalina.startup.VersionLoggerListener.log Command line argument: -Dteamcity.configuration.path=../conf/teamcity-startup.properties
29-Jan-2025 14:35:54.919 INFO [main] org.apache.catalina.startup.VersionLoggerListener.log Command line argument: -Dlog4j2.configurationFile=file:/opt/teamcity/bin/../conf/teamcity-server-log4j.xml
29-Jan-2025 14:35:54.920 INFO [main] org.apache.catalina.startup.VersionLoggerListener.log Command line argument: -Dteamcity_logs=/opt/teamcity/bin/../logs
29-Jan-2025 14:35:54.920 INFO [main] org.apache.catalina.startup.VersionLoggerListener.log Command line argument: -Djava.awt.headless=true
29-Jan-2025 14:35:54.920 INFO [main] org.apache.catalina.startup.VersionLoggerListener.log Command line argument: -Dignore.endorsed.dirs=
29-Jan-2025 14:35:54.920 INFO [main] org.apache.catalina.startup.VersionLoggerListener.log Command line argument: -Dcatalina.base=/opt/teamcity
29-Jan-2025 14:35:54.920 INFO [main] org.apache.catalina.startup.VersionLoggerListener.log Command line argument: -Dcatalina.home=/opt/teamcity
29-Jan-2025 14:35:54.921 INFO [main] org.apache.catalina.startup.VersionLoggerListener.log Command line argument: -Djava.io.tmpdir=/opt/teamcity/temp
29-Jan-2025 14:35:54.925 INFO [main] org.apache.catalina.core.AprLifecycleListener.lifecycleEvent The Apache Tomcat Native library which allows using OpenSSL was not found on the java.library.path: [/usr/java/packages/lib:/usr/lib64:/lib64:/lib:/usr/lib]
29-Jan-2025 14:35:55.553 INFO [main] org.apache.coyote.AbstractProtocol.init Initializing ProtocolHandler ["http-nio-8111"]
29-Jan-2025 14:35:55.587 INFO [main] org.apache.catalina.startup.Catalina.load Server initialization in [1076] milliseconds
29-Jan-2025 14:35:55.649 INFO [main] org.apache.catalina.core.StandardService.startInternal Starting service [Catalina]
29-Jan-2025 14:35:55.649 INFO [main] org.apache.catalina.core.StandardEngine.startInternal Starting Servlet engine: [Apache Tomcat/9.0.98]
29-Jan-2025 14:35:55.672 INFO [main] org.apache.catalina.startup.HostConfig.deployDirectory Deploying web application directory [/opt/teamcity/webapps/ROOT]
29-Jan-2025 14:36:06.457 INFO [main] org.apache.catalina.startup.HostConfig.deployDirectory Deployment of web application directory [/opt/teamcity/webapps/ROOT] has finished in [10,784] ms
29-Jan-2025 14:36:06.478 INFO [main] org.apache.coyote.AbstractProtocol.start Starting ProtocolHandler ["http-nio-8111"]
29-Jan-2025 14:36:06.541 INFO [main] org.apache.catalina.startup.Catalina.start Server startup in [10953] milliseconds
29-Jan-2025 14:38:56.772 INFO [main] org.apache.catalina.core.StandardServer.await A valid shutdown command was received via the shutdown port. Stopping the Server instance.
29-Jan-2025 14:38:56.773 INFO [main] org.apache.coyote.AbstractProtocol.pause Pausing ProtocolHandler ["http-nio-8111"]
29-Jan-2025 14:38:56.776 INFO [main] org.apache.catalina.core.StandardService.stopInternal Stopping service [Catalina]
